Построение начато 18.05.2020 12:53:14.
     1>Проект "C:\Users\HOME\Desktop\Quicksaves\Khm\TaskManager\TaskManager.vcxproj" в узле 2 (целевые объекты Build).
       Файл проекта содержит ToolsVersion="15.0". Возможно, этот набор инструментов неизвестен или отсутствует (в этом случае проблему можно устранить, установив подходящую версию MSBuild), либо для данной сборки определено конкретное значение ToolsVersion в параметрах политики. Проект обрабатывается как имеющий ToolsVersion="4.0". Дополнительные сведения см. по ссылке http://go.microsoft.com/fwlink/?LinkId=291333.
     1>ClCompile:
         C:\Program Files (x86)\Microsoft Visual Studio 11.0\VC\bin\CL.exe /c /AI"C:\Program Files (x86)\Reference Assemblies\Microsoft\Framework\.NETFramework\v4.6.1\\" /AI"C:\Program Files (x86)\Windows Kits\8.0\References\CommonConfiguration\Neutral" /AI"C:\Program Files (x86)\Reference Assemblies\Microsoft\Framework\.NETFramework\v4.6.1\Facades\\" /Zi /clr /nologo /W3 /WX- /Od /Oy- /D WIN32 /D _DEBUG /D _MBCS /EHa /MDd /GS /fp:precise /Zc:wchar_t /Zc:forScope /Fo"Debug\\" /Fd"Debug\vc110.pdb" /TP /FU"C:\Program Files (x86)\Reference Assemblies\Microsoft\Framework\.NETFramework\v4.6.1\mscorlib.dll" /FU"C:\Program Files (x86)\Reference Assemblies\Microsoft\Framework\.NETFramework\v4.6.1\System.Data.dll" /FU"C:\Program Files (x86)\Reference Assemblies\Microsoft\Framework\.NETFramework\v4.6.1\System.dll" /FU"C:\Program Files (x86)\Reference Assemblies\Microsoft\Framework\.NETFramework\v4.6.1\System.Drawing.dll" /FU"C:\Program Files (x86)\Reference Assemblies\Microsoft\Framework\.NETFramework\v4.6.1\System.Windows.Forms.DataVisualization.dll" /FU"C:\Program Files (x86)\Reference Assemblies\Microsoft\Framework\.NETFramework\v4.6.1\System.Windows.Forms.dll" /FU"C:\Program Files (x86)\Reference Assemblies\Microsoft\Framework\.NETFramework\v4.6.1\System.Xml.dll" /analyze- /errorReport:prompt MainForm.cpp
         MainForm.cpp
       Link:
         C:\Program Files (x86)\Microsoft Visual Studio 11.0\VC\bin\link.exe /ERRORREPORT:PROMPT /OUT:"C:\Users\HOME\Desktop\Quicksaves\Khm\Debug\TaskManager.exe" /INCREMENTAL /NOLOGO /ASSEMBLYRESOURCE:Debug\TaskManager.MainForm.resources /MANIFEST /MANIFESTUAC:"level='asInvoker' uiAccess='false'" /manifest:embed /PDB:"C:\Users\HOME\Desktop\Quicksaves\Khm\Debug\TaskManager.pdb" /ASSEMBLYDEBUG /SUBSYSTEM:WINDOWS /TLBID:1 /ENTRY:"main" /DYNAMICBASE /FIXED:NO /NXCOMPAT /MACHINE:X86 Debug\MainForm.obj
         "Debug\.NETFramework,Version=v4.6.1.AssemblyAttributes.obj"
         TaskManager.vcxproj -> C:\Users\HOME\Desktop\Quicksaves\Khm\Debug\TaskManager.exe
     1>Построение проекта "C:\Users\HOME\Desktop\Quicksaves\Khm\TaskManager\TaskManager.vcxproj" завершено (целевые объекты Build).

Итоги по проекту:
    12167 мс вызовов   1 C:\Users\HOME\Desktop\Quicksaves\Khm\TaskManager\TaskManager.vcxproj
              12167 мс вызовов   1 Build                                   

Итоги по целям:
        0 мс вызовов   1 ComputeMIDLGeneratedCompileInputs       
        0 мс вызовов   1 _Midl                                   
        0 мс вызовов   1 BeforeResGen                            
        0 мс вызовов   1 SelectCustomBuild                       
        0 мс вызовов   1 _ClCompile                              
        0 мс вызовов   1 CreateCustomManifestResourceNames       
        0 мс вызовов   1 AfterResourceCompile                    
        0 мс вызовов   1 BeforeLink                              
        0 мс вызовов   1 AfterBuild                              
        0 мс вызовов   1 AfterBuildCompileEvent                  
        0 мс вызовов   1 ComputeCLInputPDBName                   
        0 мс вызовов   1 _ResGen                                 
        0 мс вызовов   1 ComputeLinkImportLibraryOutputsForClean 
        0 мс вызовов   1 BeforeResourceCompile                   
        0 мс вызовов   1 _Xsd                                    
        0 мс вызовов   1 PreLinkEvent                            
        0 мс вызовов   1 GetCopyToOutputDirectoryItems           
        0 мс вызовов   1 _Deploy                                 
        0 мс вызовов   1 AfterResGen                             
        0 мс вызовов   1 _Manifest                               
        0 мс вызовов   1 GetResolvedWinMD                        
        0 мс вызовов   1 SelectClCompile                         
        0 мс вызовов   1 ImplicitlyExpandDesignTimeFacades       
        0 мс вызовов   1 _BuildLinkAction                        
        0 мс вызовов   1 MakeDirsForResourceCompile              
        0 мс вызовов   1 _ResourceCompile                        
        0 мс вызовов   1 ComputeLinkInputsFromProject            
        0 мс вызовов   1 Build                                   
        0 мс вызовов   1 _Link                                   
        0 мс вызовов   1 BuildLinkTraverse                       
        0 мс вызовов   1 BeforeBuildGenerateSources              
        0 мс вызовов   1 ComputeRCOutputs                        
        0 мс вызовов   1 _XdcMake                                
        0 мс вызовов   1 CreateSatelliteAssemblies               
        0 мс вызовов   1 CopyFilesToOutputDirectory              
        0 мс вызовов   1 MetaGenInputsOutputs                    
        0 мс вызовов   1 ExpandSDKReferences                     
        0 мс вызовов   1 AfterBuildGenerateSources               
        0 мс вызовов   1 ComputeManifestGeneratedLinkerInputs    
        0 мс вызовов   1 ResolveReferences                       
        0 мс вызовов   1 _GenerateSatelliteAssemblyInputs        
        0 мс вызовов   1 AfterClCompile                          
        0 мс вызовов   1 AfterMidl                               
        0 мс вызовов   1 PlatformPrepareForBuild                 
        0 мс вызовов   1 PrepareForRun                           
        0 мс вызовов   1 PreBuildEvent                           
        0 мс вызовов   1 ResolvedXDCMake                         
        0 мс вызовов   1 _BscMake                                
        0 мс вызовов   1 BuildGenerateSources                    
        0 мс вызовов   1 _Appverifier                            
        0 мс вызовов   1 _BuildGenerateSourcesAction             
        0 мс вызовов   1 _CopySourceItemsToOutputDirectory       
        0 мс вызовов   1 BuildLink                               
        0 мс вызовов   1 AfterLink                               
        0 мс вызовов   1 ComputeManifestInputsTargets            
        0 мс вызовов   1 ResGen                                  
        0 мс вызовов   1 ResolveSDKReferences                    
        0 мс вызовов   1 _ALink                                  
        0 мс вызовов   1 _SplitProjectReferencesByFileExistence  
        0 мс вызовов   1 BuildGenerateSourcesTraverse            
        0 мс вызовов   1 ComputeCLOutputs                        
        0 мс вызовов   1 BeforeResolveReferences                 
        0 мс вызовов   1 ComputeCLCompileGeneratedSbrFiles       
        0 мс вызовов   1 ComputeRCGeneratedLinkInputs            
        0 мс вызовов   1 _SelectedFiles                          
        0 мс вызовов   1 MakeDirsForXdcMake                      
        0 мс вызовов   1 GetInstalledSDKLocations                
        0 мс вызовов   1 BeforeClCompile                         
        0 мс вызовов   1 AfterBuildGenerateSourcesEvent          
        0 мс вызовов   1 _BuildCompileAction                     
        0 мс вызовов   1 PrepareResourceNames                    
        0 мс вызовов   1 BuildCompile                            
        0 мс вызовов   1 AfterResolveReferences                  
        1 мс вызовов   1 ComputeReferenceCLInput                 
        1 мс вызовов   1 DoLinkOutputFilesMatch                  
        1 мс вызовов   1 _PrepareForBuild                        
        1 мс вызовов   1 MakeDirsForMidl                         
        1 мс вызовов   1 MakeDirsForBscMake                      
        1 мс вызовов   1 _CheckForCompileOutputs                 
        1 мс вызовов   1 ComputeLegacyManifestEmbedding          
        1 мс вызовов   1 ComputeCustomBuildOutput                
        1 мс вызовов   1 PostBuildEvent                          
        1 мс вызовов   1 ComputeLinkSwitches                     
        1 мс вызовов   1 ResolveProjectReferences                
        1 мс вызовов   1 GetCopyToOutputDirectoryXamlAppDefs     
        1 мс вызовов   1 _PrepareForReferenceResolution          
        1 мс вызовов   1 RegisterOutput                          
        1 мс вызовов   1 ComputeMetaGenInputs                    
        1 мс вызовов   1 ComputeCLCompileGeneratedXDCFiles       
        1 мс вызовов   1 BuildCompileTraverse                    
        1 мс вызовов   1 GetFrameworkPaths                       
        1 мс вызовов   1 ComputeCLGeneratedLinkInputs            
        2 мс вызовов   1 AssignProjectConfiguration              
        2 мс вызовов   1 MakeDirsForLink                         
        2 мс вызовов   1 AssignTargetPaths                       
        3 мс вызовов   1 GetReferenceAssemblyPaths               
        3 мс вызовов   1 SplitResourcesByCulture                 
        3 мс вызовов   1 PrepareForBuild                         
        4 мс вызовов   1 FinalizeBuildStatus                     
        4 мс вызовов   1 MakeDirsForCl                           
       12 мс вызовов   1 SetBuildDefaultEnvironmentVariables     
       20 мс вызовов   1 _CheckForInvalidConfigurationAndPlatform
       21 мс вызовов   1 CreateManifestResourceNames             
       22 мс вызовов   1 GenerateTargetFrameworkMonikerAttribute 
       38 мс вызовов   1 ManagedIncrementalBuildPostProcessDependencyGraph
       45 мс вызовов   1 InitializeBuildStatus                   
       55 мс вызовов   1 ResolveAssemblyReferences               
      248 мс вызовов   1 ManagedIncrementalBuildPreProcessDependencyGraph
      299 мс вызовов   1 CoreResGen                              
     1510 мс вызовов   1 MetaGen                                 
     2308 мс вызовов   1 Link                                    
     7539 мс вызовов   1 ClCompile                               

Построение успешно завершено.

Затраченное время: 00:00:12.17
